<?xml version="1.0" encoding="UTF-8"?>
<!-- Generated by org.testng.reporters.JUnitXMLReporter -->
<testsuite hostname="DESKTOP-7VGE18I" ignored="0" name="Default test" tests="3" failures="0" timestamp="27 Aug 2017 09:31:38 GMT" time="4.239" errors="0">
  <testcase name="deleteRequest" time="3.303" classname="pratik.rest.GoogleRestAPI"/>
  <testcase name="getRequestTest" time="0.537" classname="pratik.rest.GoogleRestAPI"/>
  <testcase name="postRequest" time="0.335" classname="pratik.rest.GoogleRestAPI"/>
</testsuite> <!-- Default test -->
