<?xml version="1.0" encoding="UTF-8"?>
<!-- Generated by org.testng.reporters.JUnitXMLReporter -->
<testsuite hostname="DESKTOP-7VGE18I" ignored="0" name="Default test" tests="3" failures="0" timestamp="27 Aug 2017 07:36:35 GMT" time="3.794" errors="0">
  <testcase name="deleteRequest" time="2.868" classname="pratik.rest.GoogleRestAPI"/>
  <testcase name="getRequestTest" time="0.645" classname="pratik.rest.GoogleRestAPI"/>
  <testcase name="postRequest" time="0.206" classname="pratik.rest.GoogleRestAPI"/>
</testsuite> <!-- Default test -->
