<?xml version="1.0" encoding="UTF-8"?>
<testng-results skipped="0" failed="0" ignored="0" total="3" passed="3">
  <reporter-output>
  </reporter-output>
  <suite name="Default suite" duration-ms="4239" started-at="2017-08-27T09:31:33Z" finished-at="2017-08-27T09:31:38Z">
    <groups>
    </groups>
    <test name="Default test" duration-ms="4239" started-at="2017-08-27T09:31:33Z" finished-at="2017-08-27T09:31:38Z">
      <class name="pratik.rest.GoogleRestAPI">
        <test-method status="PASS" signature="setUp()[pri:0, instance:pratik.rest.GoogleRestAPI@36d4b5c]" name="setUp" is-config="true" duration-ms="18" started-at="2017-08-27T02:31:33Z" finished-at="2017-08-27T02:31:33Z">
          <reporter-output>
          </reporter-output>
        </test-method> <!-- setUp -->
        <test-method status="PASS" signature="deleteRequest()[pri:0, instance:pratik.rest.GoogleRestAPI@36d4b5c]" name="deleteRequest" duration-ms="3303" started-at="2017-08-27T02:31:33Z" finished-at="2017-08-27T02:31:37Z">
          <reporter-output>
          </reporter-output>
        </test-method> <!-- deleteRequest -->
        <test-method status="PASS" signature="getRequestTest()[pri:0, instance:pratik.rest.GoogleRestAPI@36d4b5c]" name="getRequestTest" duration-ms="537" started-at="2017-08-27T02:31:37Z" finished-at="2017-08-27T02:31:37Z">
          <reporter-output>
          </reporter-output>
        </test-method> <!-- getRequestTest -->
        <test-method status="PASS" signature="postRequest()[pri:0, instance:pratik.rest.GoogleRestAPI@36d4b5c]" name="postRequest" duration-ms="335" started-at="2017-08-27T02:31:37Z" finished-at="2017-08-27T02:31:38Z">
          <reporter-output>
          </reporter-output>
        </test-method> <!-- postRequest -->
      </class> <!-- pratik.rest.GoogleRestAPI -->
    </test> <!-- Default test -->
  </suite> <!-- Default suite -->
</testng-results>
